# JRE version: OpenJDK Runtime Environment (8.0_242-b01) (build 1.8.0_242-release-1644-b01)
# Java VM: OpenJDK 64-Bit Server VM (25.242-b01 mixed mode windows-amd64 compressed oops)
Heap:
 PSYoungGen      total 653824K, used 500501K [0x00000000d5580000, 0x0000000100000000, 0x0000000100000000)
  eden space 608768K, 77% used [0x00000000d5580000,0x00000000f24e6790,0x00000000fa800000)
  from space 45056K, 57% used [0x00000000fa800000,0x00000000fc15f068,0x00000000fd400000)
  to   space 45056K, 0% used [0x00000000fd400000,0x00000000fd400000,0x0000000100000000)
 ParOldGen       total 167936K, used 61251K [0x0000000080000000, 0x000000008a400000, 0x00000000d5580000)
  object space 167936K, 36% used [0x0000000080000000,0x0000000083bd0dc8,0x000000008a400000)
 Metaspace       used 103977K, capacity 112668K, committed 112920K, reserved 1146880K
  class space    used 13608K, capacity 15058K, committed 15152K, reserved 1048576K
GC Heap History (10 events):
Event: 1976.614 GC heap before
{Heap before GC invocations=15 (full 3):
 PSYoungGen      total 600576K, used 379569K [0x00000000d5580000, 0x0000000100000000, 0x0000000100000000)
  eden space 567296K, 61% used [0x00000000d5580000,0x00000000eabb1c38,0x00000000f7f80000)
  from space 33280K, 87% used [0x00000000f7f80000,0x00000000f9bfa900,0x00000000fa000000)
  to   space 36864K, 0% used [0x00000000fdc00000,0x00000000fdc00000,0x0000000100000000)
 ParOldGen       total 109056K, used 72554K [0x0000000080000000, 0x0000000086a80000, 0x00000000d5580000)
  object space 109056K, 66% used [0x0000000080000000,0x00000000846da820,0x0000000086a80000)
 Metaspace       used 93248K, capacity 98496K, committed 98600K, reserved 1134592K
  class space    used 12508K, capacity 13435K, committed 13488K, reserved 1048576K
Event: 1976.655 GC heap after
Heap after GC invocations=15 (full 3):
 PSYoungGen      total 663040K, used 18216K [0x00000000d5580000, 0x0000000100000000, 0x0000000100000000)
  eden space 626176K, 0% used [0x00000000d5580000,0x00000000d5580000,0x00000000fb900000)
  from space 36864K, 49% used [0x00000000fdc00000,0x00000000fedca290,0x0000000100000000)
  to   space 35840K, 0% used [0x00000000fb900000,0x00000000fb900000,0x00000000fdc00000)
 ParOldGen       total 109056K, used 72562K [0x0000000080000000, 0x0000000086a80000, 0x00000000d5580000)
  object space 109056K, 66% used [0x0000000080000000,0x00000000846dc820,0x0000000086a80000)
 Metaspace       used 93248K, capacity 98496K, committed 98600K, reserved 1134592K
  class space    used 12508K, capacity 13435K, committed 13488K, reserved 1048576K
}
Event: 1976.655 GC heap before
{Heap before GC invocations=16 (full 4):
 PSYoungGen      total 663040K, used 18216K [0x00000000d5580000, 0x0000000100000000, 0x0000000100000000)
  eden space 626176K, 0% used [0x00000000d5580000,0x00000000d5580000,0x00000000fb900000)
  from space 36864K, 49% used [0x00000000fdc00000,0x00000000fedca290,0x0000000100000000)
  to   space 35840K, 0% used [0x00000000fb900000,0x00000000fb900000,0x00000000fdc00000)
 ParOldGen       total 109056K, used 72562K [0x0000000080000000, 0x0000000086a80000, 0x00000000d5580000)
  object space 109056K, 66% used [0x0000000080000000,0x00000000846dc820,0x0000000086a80000)
 Metaspace       used 93248K, capacity 98496K, committed 98600K, reserved 1134592K
  class space    used 12508K, capacity 13435K, committed 13488K, reserved 1048576K
Event: 1977.085 GC heap after
Heap after GC invocations=16 (full 4):
 PSYoungGen      total 663040K, used 0K [0x00000000d5580000, 0x0000000100000000, 0x0000000100000000)
  eden space 626176K, 0% used [0x00000000d5580000,0x00000000d5580000,0x00000000fb900000)
  from space 36864K, 0% used [0x00000000fdc00000,0x00000000fdc00000,0x0000000100000000)
  to   space 35840K, 0% used [0x00000000fb900000,0x00000000fb900000,0x00000000fdc00000)
 ParOldGen       total 167936K, used 61227K [0x0000000080000000, 0x000000008a400000, 0x00000000d5580000)
  object space 167936K, 36% used [0x0000000080000000,0x0000000083bcadc8,0x000000008a400000)
 Metaspace       used 92911K, capacity 97576K, committed 98600K, reserved 1134592K
  class space    used 12401K, capacity 13243K, committed 13488K, reserved 1048576K
}
Event: 2092.513 GC heap before
{Heap before GC invocations=17 (full 4):
 PSYoungGen      total 663040K, used 626176K [0x00000000d5580000, 0x0000000100000000, 0x0000000100000000)
  eden space 626176K, 100% used [0x00000000d5580000,0x00000000fb900000,0x00000000fb900000)
  from space 36864K, 0% used [0x00000000fdc00000,0x00000000fdc00000,0x0000000100000000)
  to   space 35840K, 0% used [0x00000000fb900000,0x00000000fb900000,0x00000000fdc00000)
 ParOldGen       total 167936K, used 61227K [0x0000000080000000, 0x000000008a400000, 0x00000000d5580000)
  object space 167936K, 36% used [0x0000000080000000,0x0000000083bcadc8,0x000000008a400000)
 Metaspace       used 97679K, capacity 103968K, committed 104216K, reserved 1138688K
  class space    used 12920K, capacity 14034K, committed 14128K, reserved 1048576K
Event: 2092.727 GC heap after
Heap after GC invocations=17 (full 4):
 PSYoungGen      total 657920K, used 31422K [0x00000000d5580000, 0x0000000100000000, 0x0000000100000000)
  eden space 626176K, 0% used [0x00000000d5580000,0x00000000d5580000,0x00000000fb900000)
  from space 31744K, 98% used [0x00000000fb900000,0x00000000fd7afa80,0x00000000fd800000)
  to   space 39936K, 0% used [0x00000000fd900000,0x00000000fd900000,0x0000000100000000)
 ParOldGen       total 167936K, used 61235K [0x0000000080000000, 0x000000008a400000, 0x00000000d5580000)
  object space 167936K, 36% used [0x0000000080000000,0x0000000083bccdc8,0x000000008a400000)
 Metaspace       used 97679K, capacity 103968K, committed 104216K, reserved 1138688K
  class space    used 12920K, capacity 14034K, committed 14128K, reserved 1048576K
}
Event: 3701.482 GC heap before
{Heap before GC invocations=18 (full 4):
 PSYoungGen      total 657920K, used 657598K [0x00000000d5580000, 0x0000000100000000, 0x0000000100000000)
  eden space 626176K, 100% used [0x00000000d5580000,0x00000000fb900000,0x00000000fb900000)
  from space 31744K, 98% used [0x00000000fb900000,0x00000000fd7afa80,0x00000000fd800000)
  to   space 39936K, 0% used [0x00000000fd900000,0x00000000fd900000,0x0000000100000000)
 ParOldGen       total 167936K, used 61235K [0x0000000080000000, 0x000000008a400000, 0x00000000d5580000)
  object space 167936K, 36% used [0x0000000080000000,0x0000000083bccdc8,0x000000008a400000)
 Metaspace       used 98962K, capacity 105680K, committed 105880K, reserved 1140736K
  class space    used 13005K, capacity 14178K, committed 14256K, reserved 1048576K
Event: 3701.668 GC heap after
Heap after GC invocations=18 (full 4):
 PSYoungGen      total 648704K, used 37622K [0x00000000d5580000, 0x0000000100000000, 0x0000000100000000)
  eden space 608768K, 0% used [0x00000000d5580000,0x00000000d5580000,0x00000000fa800000)
  from space 39936K, 94% used [0x00000000fd900000,0x00000000ffdbdbd0,0x0000000100000000)
  to   space 45056K, 0% used [0x00000000fa800000,0x00000000fa800000,0x00000000fd400000)
 ParOldGen       total 167936K, used 61243K [0x0000000080000000, 0x000000008a400000, 0x00000000d5580000)
  object space 167936K, 36% used [0x0000000080000000,0x0000000083bcedc8,0x000000008a400000)
 Metaspace       used 98962K, capacity 105680K, committed 105880K, reserved 1140736K
  class space    used 13005K, capacity 14178K, committed 14256K, reserved 1048576K
}
Event: 4025.993 GC heap before
{Heap before GC invocations=19 (full 4):
 PSYoungGen      total 648704K, used 646390K [0x00000000d5580000, 0x0000000100000000, 0x0000000100000000)
  eden space 608768K, 100% used [0x00000000d5580000,0x00000000fa800000,0x00000000fa800000)
  from space 39936K, 94% used [0x00000000fd900000,0x00000000ffdbdbd0,0x0000000100000000)
  to   space 45056K, 0% used [0x00000000fa800000,0x00000000fa800000,0x00000000fd400000)
 ParOldGen       total 167936K, used 61243K [0x0000000080000000, 0x000000008a400000, 0x00000000d5580000)
  object space 167936K, 36% used [0x0000000080000000,0x0000000083bcedc8,0x000000008a400000)
 Metaspace       used 99895K, capacity 106674K, committed 106904K, reserved 1142784K
  class space    used 13034K, capacity 14231K, committed 14256K, reserved 1048576K
Event: 4026.102 GC heap after
Heap after GC invocations=19 (full 4):
 PSYoungGen      total 653824K, used 25980K [0x00000000d5580000, 0x0000000100000000, 0x0000000100000000)
  eden space 608768K, 0% used [0x00000000d5580000,0x00000000d5580000,0x00000000fa800000)
  from space 45056K, 57% used [0x00000000fa800000,0x00000000fc15f068,0x00000000fd400000)
  to   space 45056K, 0% used [0x00000000fd400000,0x00000000fd400000,0x0000000100000000)
 ParOldGen       total 167936K, used 61251K [0x0000000080000000, 0x000000008a400000, 0x00000000d5580000)
  object space 167936K, 36% used [0x0000000080000000,0x0000000083bd0dc8,0x000000008a400000)
 Metaspace       used 99895K, capacity 106674K, committed 106904K, reserved 1142784K
  class space    used 13034K, capacity 14231K, committed 14256K, reserved 1048576K
}

